0 info it worked if it ends with ok
1 verbose cli [ '/usr/local/bin/node',
1 verbose cli   '/usr/local/bin/npm',
1 verbose cli   'run',
1 verbose cli   'deploy',
1 verbose cli   '2017-10-19' ]
2 info using npm@4.1.2
3 info using node@v8.1.3
4 verbose run-script [ 'predeploy', 'deploy', 'postdeploy' ]
5 info lifecycle PolymerDocs@1.0.0~predeploy: PolymerDocs@1.0.0
6 silly lifecycle PolymerDocs@1.0.0~predeploy: no script for predeploy, continuing
7 info lifecycle PolymerDocs@1.0.0~deploy: PolymerDocs@1.0.0
8 verbose lifecycle PolymerDocs@1.0.0~deploy: unsafe-perm in lifecycle true
9 verbose lifecycle PolymerDocs@1.0.0~deploy: PATH: /usr/local/lib/node_modules/npm/bin/node-gyp-bin:/Users/jumpeitakiguchi/docs/node_modules/.bin:/Users/jumpeitakiguchi/Development/google-cloud-sdk/bin:/Users/jumpeitakiguchi/.rbenv/shims:/Users/jumpeitakiguchi/.rbenv/bin:/usr/local/bin:/usr/bin:/bin:/usr/sbin:/sbin:/opt/X11/bin:/Applications/Wireshark.app/Contents/MacOS
10 verbose lifecycle PolymerDocs@1.0.0~deploy: CWD: /Users/jumpeitakiguchi/docs
11 silly lifecycle PolymerDocs@1.0.0~deploy: Args: [ '-c', 'scripts/deploy.sh "2017-10-19"' ]
12 silly lifecycle PolymerDocs@1.0.0~deploy: Returned: code: 1  signal: null
13 info lifecycle PolymerDocs@1.0.0~deploy: Failed to exec deploy script
14 verbose stack Error: PolymerDocs@1.0.0 deploy: `scripts/deploy.sh "2017-10-19"`
14 verbose stack Exit status 1
14 verbose stack     at EventEmitter.<anonymous> (/usr/local/lib/node_modules/npm/lib/utils/lifecycle.js:279:16)
14 verbose stack     at emitTwo (events.js:125:13)
14 verbose stack     at EventEmitter.emit (events.js:213:7)
14 verbose stack     at ChildProcess.<anonymous> (/usr/local/lib/node_modules/npm/lib/utils/spawn.js:40:14)
14 verbose stack     at emitTwo (events.js:125:13)
14 verbose stack     at ChildProcess.emit (events.js:213:7)
14 verbose stack     at maybeClose (internal/child_process.js:897:16)
14 verbose stack     at Process.ChildProcess._handle.onexit (internal/child_process.js:208:5)
15 verbose pkgid PolymerDocs@1.0.0
16 verbose cwd /Users/jumpeitakiguchi/docs
17 error Darwin 16.7.0
18 error argv "/usr/local/bin/node" "/usr/local/bin/npm" "run" "deploy" "2017-10-19"
19 error node v8.1.3
20 error npm  v4.1.2
21 error code ELIFECYCLE
22 error PolymerDocs@1.0.0 deploy: `scripts/deploy.sh "2017-10-19"`
22 error Exit status 1
23 error Failed at the PolymerDocs@1.0.0 deploy script 'scripts/deploy.sh "2017-10-19"'.
23 error Make sure you have the latest version of node.js and npm installed.
23 error If you do, this is most likely a problem with the PolymerDocs package,
23 error not with npm itself.
23 error Tell the author that this fails on your system:
23 error     scripts/deploy.sh "2017-10-19"
23 error You can get information on how to open an issue for this project with:
23 error     npm bugs PolymerDocs
23 error Or if that isn't available, you can get their info via:
23 error     npm owner ls PolymerDocs
23 error There is likely additional logging output above.
24 verbose exit [ 1, true ]
